2025-03-18 11:46:10 [restartedMain] INFO  c.e.A.AddressBookAppApplication - Starting AddressBookAppApplication using Java 23.0.2 with PID 11864 (C:\Users\dhruv\Downloads\AddressBookApp\AddressBookApp\target\classes started by dhruv in C:\Users\dhruv\Downloads\AddressBookApp\AddressBookApp)
2025-03-18 11:46:10 [restartedMain] DEBUG c.e.A.AddressBookAppApplication - Running with Spring Boot v3.4.3, Spring v6.2.3
2025-03-18 11:46:10 [restartedMain] INFO  c.e.A.AddressBookAppApplication - The following 1 profile is active: "dev"
2025-03-18 11:46:10 [restartedMain] INFO  o.s.b.d.e.DevToolsPropertyDefaultsPostProcessor - Devtools property defaults active! Set 'spring.devtools.add-properties' to 'false' to disable
2025-03-18 11:46:10 [restartedMain] INFO  o.s.b.d.e.DevToolsPropertyDefaultsPostProcessor - For additional web related logging consider setting the 'logging.level.web' property to 'DEBUG'
2025-03-18 11:46:11 [restartedMain] INFO  o.s.d.r.c.RepositoryConfigurationDelegate - Multiple Spring Data modules found, entering strict repository configuration mode
2025-03-18 11:46:11 [restartedMain] INFO  o.s.d.r.c.RepositoryConfigurationDelegate - Bootstrapping Spring Data JPA repositories in DEFAULT mode.
2025-03-18 11:46:12 [restartedMain] INFO  o.s.d.r.c.RepositoryConfigurationDelegate - Finished Spring Data repository scanning in 166 ms. Found 2 JPA repository interfaces.
2025-03-18 11:46:12 [restartedMain] INFO  o.s.d.r.c.RepositoryConfigurationDelegate - Multiple Spring Data modules found, entering strict repository configuration mode
2025-03-18 11:46:12 [restartedMain] INFO  o.s.d.r.c.RepositoryConfigurationDelegate - Bootstrapping Spring Data Redis repositories in DEFAULT mode.
2025-03-18 11:46:12 [restartedMain] INFO  o.s.d.r.c.RepositoryConfigurationExtensionSupport - Spring Data Redis - Could not safely identify store assignment for repository candidate interface com.example.AddressBookApp.repository.ContactRepository; If you want this repository to be a Redis repository, consider annotating your entities with one of these annotations: org.springframework.data.redis.core.RedisHash (preferred), or consider extending one of the following types with your repository: org.springframework.data.keyvalue.repository.KeyValueRepository
2025-03-18 11:46:12 [restartedMain] INFO  o.s.d.r.c.RepositoryConfigurationExtensionSupport - Spring Data Redis - Could not safely identify store assignment for repository candidate interface com.example.AddressBookApp.repository.UserRepository; If you want this repository to be a Redis repository, consider annotating your entities with one of these annotations: org.springframework.data.redis.core.RedisHash (preferred), or consider extending one of the following types with your repository: org.springframework.data.keyvalue.repository.KeyValueRepository
2025-03-18 11:46:12 [restartedMain] INFO  o.s.d.r.c.RepositoryConfigurationDelegate - Finished Spring Data repository scanning in 10 ms. Found 0 Redis repository interfaces.
2025-03-18 11:46:13 [restartedMain] INFO  o.s.b.w.e.tomcat.TomcatWebServer - Tomcat initialized with port 8080 (http)
2025-03-18 11:46:13 [restartedMain] INFO  o.a.catalina.core.StandardService - Starting service [Tomcat]
2025-03-18 11:46:13 [restartedMain] INFO  o.a.catalina.core.StandardEngine - Starting Servlet engine: [Apache Tomcat/10.1.36]
2025-03-18 11:46:13 [restartedMain] INFO  o.a.c.c.C.[Tomcat].[localhost].[/] - Initializing Spring embedded WebApplicationContext
2025-03-18 11:46:13 [restartedMain] INFO  o.s.b.w.s.c.ServletWebServerApplicationContext - Root WebApplicationContext: initialization completed in 3050 ms
2025-03-18 11:46:13 [restartedMain] INFO  o.h.jpa.internal.util.LogHelper - HHH000204: Processing PersistenceUnitInfo [name: default]
2025-03-18 11:46:13 [restartedMain] INFO  org.hibernate.Version - HHH000412: Hibernate ORM core version 6.6.8.Final
2025-03-18 11:46:13 [restartedMain] INFO  o.h.c.i.RegionFactoryInitiator - HHH000026: Second-level cache disabled
2025-03-18 11:46:14 [restartedMain] INFO  o.s.o.j.p.SpringPersistenceUnitInfo - No LoadTimeWeaver setup: ignoring JPA class transformer
2025-03-18 11:46:14 [restartedMain] INFO  com.zaxxer.hikari.HikariDataSource - HikariPool-1 - Starting...
2025-03-18 11:46:15 [restartedMain] INFO  com.zaxxer.hikari.pool.HikariPool - HikariPool-1 - Added connection com.mysql.cj.jdbc.ConnectionImpl@4e020231
2025-03-18 11:46:15 [restartedMain] INFO  com.zaxxer.hikari.HikariDataSource - HikariPool-1 - Start completed.
2025-03-18 11:46:15 [restartedMain] WARN  org.hibernate.orm.deprecation - HHH90000025: MySQL8Dialect does not need to be specified explicitly using 'hibernate.dialect' (remove the property setting and it will be selected by default)
2025-03-18 11:46:15 [restartedMain] WARN  org.hibernate.orm.deprecation - HHH90000026: MySQL8Dialect has been deprecated; use org.hibernate.dialect.MySQLDialect instead
2025-03-18 11:46:15 [restartedMain] INFO  o.hibernate.orm.connections.pooling - HHH10001005: Database info:
	Database JDBC URL [Connecting through datasource 'HikariDataSource (HikariPool-1)']
	Database driver: undefined/unknown
	Database version: 8.0
	Autocommit mode: undefined/unknown
	Isolation level: undefined/unknown
	Minimum pool size: undefined/unknown
	Maximum pool size: undefined/unknown
2025-03-18 11:46:16 [restartedMain] INFO  o.h.e.t.j.p.i.JtaPlatformInitiator - HHH000489: No JTA platform available (set 'hibernate.transaction.jta.platform' to enable JTA platform integration)
2025-03-18 11:46:16 [restartedMain] INFO  o.s.o.j.LocalContainerEntityManagerFactoryBean - Initialized JPA EntityManagerFactory for persistence unit 'default'
2025-03-18 11:46:17 [restartedMain] WARN  o.s.b.a.o.j.JpaBaseConfiguration$JpaWebConfiguration - spring.jpa.open-in-view is enabled by default. Therefore, database queries may be performed during view rendering. Explicitly configure spring.jpa.open-in-view to disable this warning
2025-03-18 11:46:17 [restartedMain] WARN  o.s.b.a.s.s.UserDetailsServiceAutoConfiguration - 

Using generated security password: 1e68210c-af2a-41cb-9bea-81fc557d7bc5

This generated password is for development use only. Your security configuration must be updated before running your application in production.

2025-03-18 11:46:18 [restartedMain] INFO  o.s.s.c.a.a.c.InitializeUserDetailsBeanManagerConfigurer$InitializeUserDetailsManagerConfigurer - Global AuthenticationManager configured with UserDetailsService bean with name inMemoryUserDetailsManager
2025-03-18 11:46:18 [restartedMain] INFO  o.s.b.a.h.H2ConsoleAutoConfiguration - H2 console available at '/h2-console'. Database available at 'jdbc:mysql://localhost:3306/addressbookdb'
2025-03-18 11:46:18 [restartedMain] INFO  o.s.b.d.a.OptionalLiveReloadServer - LiveReload server is running on port 35729
2025-03-18 11:46:18 [restartedMain] INFO  o.s.b.w.e.tomcat.TomcatWebServer - Tomcat started on port 8080 (http) with context path '/'
2025-03-18 11:46:18 [restartedMain] INFO  c.e.A.AddressBookAppApplication - Started AddressBookAppApplication in 9.453 seconds (process running for 11.104)
2025-03-18 11:57:28 [SpringApplicationShutdownHook] INFO  o.s.b.w.e.tomcat.GracefulShutdown - Commencing graceful shutdown. Waiting for active requests to complete
2025-03-18 11:57:28 [tomcat-shutdown] INFO  o.s.b.w.e.tomcat.GracefulShutdown - Graceful shutdown complete
2025-03-18 11:57:28 [SpringApplicationShutdownHook] INFO  o.s.o.j.LocalContainerEntityManagerFactoryBean - Closing JPA EntityManagerFactory for persistence unit 'default'
2025-03-18 11:57:28 [SpringApplicationShutdownHook] INFO  com.zaxxer.hikari.HikariDataSource - HikariPool-1 - Shutdown initiated...
2025-03-18 11:57:28 [SpringApplicationShutdownHook] INFO  com.zaxxer.hikari.HikariDataSource - HikariPool-1 - Shutdown completed.
2025-03-18 12:22:24 [restartedMain] INFO  c.e.A.AddressBookAppApplication - Starting AddressBookAppApplication using Java 23.0.2 with PID 9524 (C:\Users\dhruv\Downloads\AddressBookApp\AddressBookApp\target\classes started by dhruv in C:\Users\dhruv\Downloads\AddressBookApp\AddressBookApp)
2025-03-18 12:22:24 [restartedMain] DEBUG c.e.A.AddressBookAppApplication - Running with Spring Boot v3.4.3, Spring v6.2.3
2025-03-18 12:22:24 [restartedMain] INFO  c.e.A.AddressBookAppApplication - The following 1 profile is active: "dev"
2025-03-18 12:22:24 [restartedMain] INFO  o.s.b.d.e.DevToolsPropertyDefaultsPostProcessor - Devtools property defaults active! Set 'spring.devtools.add-properties' to 'false' to disable
2025-03-18 12:22:24 [restartedMain] INFO  o.s.b.d.e.DevToolsPropertyDefaultsPostProcessor - For additional web related logging consider setting the 'logging.level.web' property to 'DEBUG'
2025-03-18 12:22:27 [restartedMain] INFO  o.s.d.r.c.RepositoryConfigurationDelegate - Multiple Spring Data modules found, entering strict repository configuration mode
2025-03-18 12:22:27 [restartedMain] INFO  o.s.d.r.c.RepositoryConfigurationDelegate - Bootstrapping Spring Data JPA repositories in DEFAULT mode.
2025-03-18 12:22:27 [restartedMain] INFO  o.s.d.r.c.RepositoryConfigurationDelegate - Finished Spring Data repository scanning in 282 ms. Found 2 JPA repository interfaces.
2025-03-18 12:22:27 [restartedMain] INFO  o.s.d.r.c.RepositoryConfigurationDelegate - Multiple Spring Data modules found, entering strict repository configuration mode
2025-03-18 12:22:27 [restartedMain] INFO  o.s.d.r.c.RepositoryConfigurationDelegate - Bootstrapping Spring Data Redis repositories in DEFAULT mode.
2025-03-18 12:22:27 [restartedMain] INFO  o.s.d.r.c.RepositoryConfigurationExtensionSupport - Spring Data Redis - Could not safely identify store assignment for repository candidate interface com.example.AddressBookApp.repository.ContactRepository; If you want this repository to be a Redis repository, consider annotating your entities with one of these annotations: org.springframework.data.redis.core.RedisHash (preferred), or consider extending one of the following types with your repository: org.springframework.data.keyvalue.repository.KeyValueRepository
2025-03-18 12:22:27 [restartedMain] INFO  o.s.d.r.c.RepositoryConfigurationExtensionSupport - Spring Data Redis - Could not safely identify store assignment for repository candidate interface com.example.AddressBookApp.repository.UserRepository; If you want this repository to be a Redis repository, consider annotating your entities with one of these annotations: org.springframework.data.redis.core.RedisHash (preferred), or consider extending one of the following types with your repository: org.springframework.data.keyvalue.repository.KeyValueRepository
2025-03-18 12:22:27 [restartedMain] INFO  o.s.d.r.c.RepositoryConfigurationDelegate - Finished Spring Data repository scanning in 17 ms. Found 0 Redis repository interfaces.
2025-03-18 12:22:29 [restartedMain] INFO  o.s.b.w.e.tomcat.TomcatWebServer - Tomcat initialized with port 8080 (http)
2025-03-18 12:22:29 [restartedMain] INFO  o.a.catalina.core.StandardService - Starting service [Tomcat]
2025-03-18 12:22:29 [restartedMain] INFO  o.a.catalina.core.StandardEngine - Starting Servlet engine: [Apache Tomcat/10.1.36]
2025-03-18 12:22:29 [restartedMain] INFO  o.a.c.c.C.[Tomcat].[localhost].[/] - Initializing Spring embedded WebApplicationContext
2025-03-18 12:22:29 [restartedMain] INFO  o.s.b.w.s.c.ServletWebServerApplicationContext - Root WebApplicationContext: initialization completed in 4521 ms
2025-03-18 12:22:29 [restartedMain] INFO  o.h.jpa.internal.util.LogHelper - HHH000204: Processing PersistenceUnitInfo [name: default]
2025-03-18 12:22:29 [restartedMain] INFO  org.hibernate.Version - HHH000412: Hibernate ORM core version 6.6.8.Final
2025-03-18 12:22:29 [restartedMain] INFO  o.h.c.i.RegionFactoryInitiator - HHH000026: Second-level cache disabled
2025-03-18 12:22:30 [restartedMain] INFO  o.s.o.j.p.SpringPersistenceUnitInfo - No LoadTimeWeaver setup: ignoring JPA class transformer
2025-03-18 12:22:30 [restartedMain] INFO  com.zaxxer.hikari.HikariDataSource - HikariPool-1 - Starting...
2025-03-18 12:22:31 [restartedMain] INFO  com.zaxxer.hikari.pool.HikariPool - HikariPool-1 - Added connection com.mysql.cj.jdbc.ConnectionImpl@596bf89
2025-03-18 12:22:31 [restartedMain] INFO  com.zaxxer.hikari.HikariDataSource - HikariPool-1 - Start completed.
2025-03-18 12:22:31 [restartedMain] WARN  org.hibernate.orm.deprecation - HHH90000025: MySQL8Dialect does not need to be specified explicitly using 'hibernate.dialect' (remove the property setting and it will be selected by default)
2025-03-18 12:22:31 [restartedMain] WARN  org.hibernate.orm.deprecation - HHH90000026: MySQL8Dialect has been deprecated; use org.hibernate.dialect.MySQLDialect instead
2025-03-18 12:22:31 [restartedMain] INFO  o.hibernate.orm.connections.pooling - HHH10001005: Database info:
	Database JDBC URL [Connecting through datasource 'HikariDataSource (HikariPool-1)']
	Database driver: undefined/unknown
	Database version: 8.0
	Autocommit mode: undefined/unknown
	Isolation level: undefined/unknown
	Minimum pool size: undefined/unknown
	Maximum pool size: undefined/unknown
2025-03-18 12:22:32 [restartedMain] INFO  o.h.e.t.j.p.i.JtaPlatformInitiator - HHH000489: No JTA platform available (set 'hibernate.transaction.jta.platform' to enable JTA platform integration)
2025-03-18 12:22:33 [restartedMain] INFO  o.s.o.j.LocalContainerEntityManagerFactoryBean - Initialized JPA EntityManagerFactory for persistence unit 'default'
2025-03-18 12:22:34 [restartedMain] WARN  o.s.b.a.o.j.JpaBaseConfiguration$JpaWebConfiguration - spring.jpa.open-in-view is enabled by default. Therefore, database queries may be performed during view rendering. Explicitly configure spring.jpa.open-in-view to disable this warning
2025-03-18 12:22:34 [restartedMain] WARN  o.s.b.a.s.s.UserDetailsServiceAutoConfiguration - 

Using generated security password: 6beb9338-e01d-4ce6-b011-d023eba9ceb8

This generated password is for development use only. Your security configuration must be updated before running your application in production.

2025-03-18 12:22:34 [restartedMain] INFO  o.s.s.c.a.a.c.InitializeUserDetailsBeanManagerConfigurer$InitializeUserDetailsManagerConfigurer - Global AuthenticationManager configured with UserDetailsService bean with name inMemoryUserDetailsManager
2025-03-18 12:22:35 [restartedMain] INFO  o.s.b.a.h.H2ConsoleAutoConfiguration - H2 console available at '/h2-console'. Database available at 'jdbc:mysql://localhost:3306/addressbookdb'
2025-03-18 12:22:36 [restartedMain] INFO  o.s.b.d.a.OptionalLiveReloadServer - LiveReload server is running on port 35729
2025-03-18 12:22:36 [restartedMain] INFO  o.s.b.w.e.tomcat.TomcatWebServer - Tomcat started on port 8080 (http) with context path '/'
2025-03-18 12:22:36 [restartedMain] INFO  c.e.A.AddressBookAppApplication - Started AddressBookAppApplication in 12.575 seconds (process running for 15.165)
2025-03-18 12:26:33 [http-nio-8080-exec-1] INFO  o.a.c.c.C.[Tomcat].[localhost].[/] - Initializing Spring DispatcherServlet 'dispatcherServlet'
2025-03-18 12:26:33 [http-nio-8080-exec-1] INFO  o.s.web.servlet.DispatcherServlet - Initializing Servlet 'dispatcherServlet'
2025-03-18 12:26:33 [http-nio-8080-exec-1] INFO  o.s.web.servlet.DispatcherServlet - Completed initialization in 5 ms
2025-03-18 12:26:34 [http-nio-8080-exec-1] WARN  o.s.w.s.m.s.DefaultHandlerExceptionResolver - Resolved [org.springframework.web.bind.MethodArgumentNotValidException: Validation failed for argument [0] in public java.lang.String com.example.AddressBookApp.controller.UserController.register(com.example.AddressBookApp.dto.AuthUserDTO): [Field error in object 'authUserDTO' on field 'password': rejected value [vikas123]; codes [Pattern.authUserDTO.password,Pattern.password,Pattern.java.lang.String,Pattern]; arguments [org.springframework.context.support.DefaultMessageSourceResolvable: codes [authUserDTO.password,password]; arguments []; default message [password],[Ljakarta.validation.constraints.Pattern$Flag;@1cbdb8a5,^(?=.*[A-Z])(?=.*[a-z])(?=.*[0-9])(?=.*[!@#$%^&*])[a-zA-Z0-9!@#$%^&*]{6,}$]; default message [Invalid password]] ]
2025-03-18 12:26:51 [SpringApplicationShutdownHook] INFO  o.s.b.w.e.tomcat.GracefulShutdown - Commencing graceful shutdown. Waiting for active requests to complete
2025-03-18 12:26:51 [tomcat-shutdown] INFO  o.s.b.w.e.tomcat.GracefulShutdown - Graceful shutdown complete
2025-03-18 12:26:51 [SpringApplicationShutdownHook] INFO  o.s.o.j.LocalContainerEntityManagerFactoryBean - Closing JPA EntityManagerFactory for persistence unit 'default'
2025-03-18 12:26:51 [SpringApplicationShutdownHook] INFO  com.zaxxer.hikari.HikariDataSource - HikariPool-1 - Shutdown initiated...
2025-03-18 12:26:51 [SpringApplicationShutdownHook] INFO  com.zaxxer.hikari.HikariDataSource - HikariPool-1 - Shutdown completed.
2025-03-18 13:07:13 [restartedMain] INFO  c.e.A.AddressBookAppApplication - Starting AddressBookAppApplication using Java 23.0.2 with PID 16244 (C:\Users\dhruv\Downloads\AddressBookApp\AddressBookApp\target\classes started by dhruv in C:\Users\dhruv\Downloads\AddressBookApp\AddressBookApp)
2025-03-18 13:07:13 [restartedMain] DEBUG c.e.A.AddressBookAppApplication - Running with Spring Boot v3.4.3, Spring v6.2.3
2025-03-18 13:07:13 [restartedMain] INFO  c.e.A.AddressBookAppApplication - The following 1 profile is active: "dev"
2025-03-18 13:07:13 [restartedMain] INFO  o.s.b.d.e.DevToolsPropertyDefaultsPostProcessor - Devtools property defaults active! Set 'spring.devtools.add-properties' to 'false' to disable
2025-03-18 13:07:13 [restartedMain] INFO  o.s.b.d.e.DevToolsPropertyDefaultsPostProcessor - For additional web related logging consider setting the 'logging.level.web' property to 'DEBUG'
2025-03-18 13:07:16 [restartedMain] INFO  o.s.d.r.c.RepositoryConfigurationDelegate - Multiple Spring Data modules found, entering strict repository configuration mode
2025-03-18 13:07:16 [restartedMain] INFO  o.s.d.r.c.RepositoryConfigurationDelegate - Bootstrapping Spring Data JPA repositories in DEFAULT mode.
2025-03-18 13:07:16 [restartedMain] INFO  o.s.d.r.c.RepositoryConfigurationDelegate - Finished Spring Data repository scanning in 237 ms. Found 2 JPA repository interfaces.
2025-03-18 13:07:16 [restartedMain] INFO  o.s.d.r.c.RepositoryConfigurationDelegate - Multiple Spring Data modules found, entering strict repository configuration mode
2025-03-18 13:07:16 [restartedMain] INFO  o.s.d.r.c.RepositoryConfigurationDelegate - Bootstrapping Spring Data Redis repositories in DEFAULT mode.
2025-03-18 13:07:16 [restartedMain] INFO  o.s.d.r.c.RepositoryConfigurationExtensionSupport - Spring Data Redis - Could not safely identify store assignment for repository candidate interface com.example.AddressBookApp.repository.ContactRepository; If you want this repository to be a Redis repository, consider annotating your entities with one of these annotations: org.springframework.data.redis.core.RedisHash (preferred), or consider extending one of the following types with your repository: org.springframework.data.keyvalue.repository.KeyValueRepository
2025-03-18 13:07:16 [restartedMain] INFO  o.s.d.r.c.RepositoryConfigurationExtensionSupport - Spring Data Redis - Could not safely identify store assignment for repository candidate interface com.example.AddressBookApp.repository.UserRepository; If you want this repository to be a Redis repository, consider annotating your entities with one of these annotations: org.springframework.data.redis.core.RedisHash (preferred), or consider extending one of the following types with your repository: org.springframework.data.keyvalue.repository.KeyValueRepository
2025-03-18 13:07:16 [restartedMain] INFO  o.s.d.r.c.RepositoryConfigurationDelegate - Finished Spring Data repository scanning in 9 ms. Found 0 Redis repository interfaces.
2025-03-18 13:07:17 [restartedMain] INFO  o.s.b.w.e.tomcat.TomcatWebServer - Tomcat initialized with port 8080 (http)
2025-03-18 13:07:17 [restartedMain] INFO  o.a.catalina.core.StandardService - Starting service [Tomcat]
2025-03-18 13:07:17 [restartedMain] INFO  o.a.catalina.core.StandardEngine - Starting Servlet engine: [Apache Tomcat/10.1.36]
2025-03-18 13:07:17 [restartedMain] INFO  o.a.c.c.C.[Tomcat].[localhost].[/] - Initializing Spring embedded WebApplicationContext
2025-03-18 13:07:17 [restartedMain] INFO  o.s.b.w.s.c.ServletWebServerApplicationContext - Root WebApplicationContext: initialization completed in 3938 ms
2025-03-18 13:07:18 [restartedMain] INFO  o.h.jpa.internal.util.LogHelper - HHH000204: Processing PersistenceUnitInfo [name: default]
2025-03-18 13:07:18 [restartedMain] INFO  org.hibernate.Version - HHH000412: Hibernate ORM core version 6.6.8.Final
2025-03-18 13:07:18 [restartedMain] INFO  o.h.c.i.RegionFactoryInitiator - HHH000026: Second-level cache disabled
2025-03-18 13:07:18 [restartedMain] INFO  o.s.o.j.p.SpringPersistenceUnitInfo - No LoadTimeWeaver setup: ignoring JPA class transformer
2025-03-18 13:07:18 [restartedMain] INFO  com.zaxxer.hikari.HikariDataSource - HikariPool-1 - Starting...
2025-03-18 13:07:19 [restartedMain] INFO  com.zaxxer.hikari.pool.HikariPool - HikariPool-1 - Added connection com.mysql.cj.jdbc.ConnectionImpl@410ee506
2025-03-18 13:07:19 [restartedMain] INFO  com.zaxxer.hikari.HikariDataSource - HikariPool-1 - Start completed.
2025-03-18 13:07:19 [restartedMain] WARN  org.hibernate.orm.deprecation - HHH90000025: MySQL8Dialect does not need to be specified explicitly using 'hibernate.dialect' (remove the property setting and it will be selected by default)
2025-03-18 13:07:19 [restartedMain] WARN  org.hibernate.orm.deprecation - HHH90000026: MySQL8Dialect has been deprecated; use org.hibernate.dialect.MySQLDialect instead
2025-03-18 13:07:19 [restartedMain] INFO  o.hibernate.orm.connections.pooling - HHH10001005: Database info:
	Database JDBC URL [Connecting through datasource 'HikariDataSource (HikariPool-1)']
	Database driver: undefined/unknown
	Database version: 8.0
	Autocommit mode: undefined/unknown
	Isolation level: undefined/unknown
	Minimum pool size: undefined/unknown
	Maximum pool size: undefined/unknown
2025-03-18 13:07:20 [restartedMain] INFO  o.h.e.t.j.p.i.JtaPlatformInitiator - HHH000489: No JTA platform available (set 'hibernate.transaction.jta.platform' to enable JTA platform integration)
2025-03-18 13:07:20 [restartedMain] INFO  o.s.o.j.LocalContainerEntityManagerFactoryBean - Initialized JPA EntityManagerFactory for persistence unit 'default'
2025-03-18 13:07:21 [restartedMain] WARN  o.s.b.a.o.j.JpaBaseConfiguration$JpaWebConfiguration - spring.jpa.open-in-view is enabled by default. Therefore, database queries may be performed during view rendering. Explicitly configure spring.jpa.open-in-view to disable this warning
2025-03-18 13:07:22 [restartedMain] WARN  o.s.b.a.s.s.UserDetailsServiceAutoConfiguration - 

Using generated security password: db17e879-870e-4074-83fd-143f22f15148

This generated password is for development use only. Your security configuration must be updated before running your application in production.

2025-03-18 13:07:22 [restartedMain] INFO  o.s.s.c.a.a.c.InitializeUserDetailsBeanManagerConfigurer$InitializeUserDetailsManagerConfigurer - Global AuthenticationManager configured with UserDetailsService bean with name inMemoryUserDetailsManager
2025-03-18 13:07:23 [restartedMain] INFO  o.s.b.a.h.H2ConsoleAutoConfiguration - H2 console available at '/h2-console'. Database available at 'jdbc:mysql://localhost:3306/addressbookdb'
2025-03-18 13:07:23 [restartedMain] INFO  o.s.b.d.a.OptionalLiveReloadServer - LiveReload server is running on port 35729
2025-03-18 13:07:23 [restartedMain] INFO  o.s.b.w.e.tomcat.TomcatWebServer - Tomcat started on port 8080 (http) with context path '/'
2025-03-18 13:07:23 [restartedMain] INFO  c.e.A.AddressBookAppApplication - Started AddressBookAppApplication in 10.83 seconds (process running for 11.924)
2025-03-18 13:10:58 [http-nio-8080-exec-1] INFO  o.a.c.c.C.[Tomcat].[localhost].[/] - Initializing Spring DispatcherServlet 'dispatcherServlet'
2025-03-18 13:10:58 [http-nio-8080-exec-1] INFO  o.s.web.servlet.DispatcherServlet - Initializing Servlet 'dispatcherServlet'
2025-03-18 13:10:58 [http-nio-8080-exec-1] INFO  o.s.web.servlet.DispatcherServlet - Completed initialization in 1 ms
2025-03-18 13:10:59 [http-nio-8080-exec-1] WARN  o.s.w.s.m.s.DefaultHandlerExceptionResolver - Resolved [org.springframework.web.bind.MethodArgumentNotValidException: Validation failed for argument [0] in public java.lang.String com.example.AddressBookApp.controller.UserController.register(com.example.AddressBookApp.dto.AuthUserDTO): [Field error in object 'authUserDTO' on field 'password': rejected value [rishabh123]; codes [Pattern.authUserDTO.password,Pattern.password,Pattern.java.lang.String,Pattern]; arguments [org.springframework.context.support.DefaultMessageSourceResolvable: codes [authUserDTO.password,password]; arguments []; default message [password],[Ljakarta.validation.constraints.Pattern$Flag;@1431d5d1,^(?=.*[A-Z])(?=.*[a-z])(?=.*[0-9])(?=.*[!@#$%^&*])[a-zA-Z0-9!@#$%^&*]{6,}$]; default message [Invalid password]] ]
2025-03-18 13:11:57 [http-nio-8080-exec-4] INFO  c.e.A.controller.UserController - Register: {"firstName":"rishabh","lastName":"singh","email":"rishabh@gmail.com","password":"Rishabh@123","id":null}
2025-03-18 13:11:57 [http-nio-8080-exec-4] INFO  c.e.A.service.AuthenticationService - User saved in database : {"firstName":"rishabh","lastName":"singh","email":"rishabh@gmail.com","password":"Rishabh@123","hashPass":"$2a$10$Zyd7oVFjVeGSW54QddlykesCeP2uurKhg2ujs9knHfihsvCOVV6TG","token":"","id":52}
2025-03-18 13:13:02 [http-nio-8080-exec-6] INFO  c.e.A.controller.UserController - Login: {"email":"rishabh@gmail.com","password":"Rishabh@123"}
2025-03-18 13:13:03 [http-nio-8080-exec-6] INFO  c.e.A.service.AuthenticationService - User logged in with email rishabh@gmail.com
2025-03-18 13:15:20 [http-nio-8080-exec-9] INFO  c.e.A.controller.AddressController - Create employee: {"name":"dhruv","email":"dhruv@gmail.com","phoneNumber":null,"id":2,"address":null}
2025-03-18 13:15:20 [http-nio-8080-exec-9] INFO  c.e.A.service.ContactService - Employee saved in db: {"name":"dhruv","email":"dhruv@gmail.com","phoneNumber":null,"address":null,"id":1}
2025-03-18 13:15:20 [http-nio-8080-exec-9] INFO  c.e.A.service.ContactService - Employee DTO sent: {"name":"dhruv","email":"dhruv@gmail.com","phoneNumber":null,"id":1,"address":null}
2025-03-18 13:16:13 [http-nio-8080-exec-10] INFO  c.e.A.controller.AddressController - Create employee: {"name":"dhruv","email":"dhruv@gmail.com","phoneNumber":8218191109,"id":2,"address":"Mathura"}
2025-03-18 13:16:13 [http-nio-8080-exec-10] ERROR c.e.A.service.ContactService - Exception : java.lang.RuntimeException Reason : User already created with given email
2025-03-18 13:16:31 [http-nio-8080-exec-2] INFO  c.e.A.controller.AddressController - Create employee: {"name":"dhruv","email":"dhruv@gmail.com","phoneNumber":8218191109,"id":2,"address":"Mathura"}
2025-03-18 13:16:31 [http-nio-8080-exec-2] ERROR c.e.A.service.ContactService - Exception : java.lang.RuntimeException Reason : User already created with given email
2025-03-18 13:42:14 [http-nio-8080-exec-4] INFO  c.e.A.controller.AddressController - Create employee: {"name":"dhruv","email":"dhruv@gmail.com","phoneNumber":8218191109,"id":2,"address":null}
2025-03-18 13:42:14 [http-nio-8080-exec-4] ERROR c.e.A.service.ContactService - Exception : java.lang.RuntimeException Reason : User already created with given email
2025-03-18 13:43:41 [http-nio-8080-exec-7] INFO  c.e.A.controller.AddressController - Create employee: {"name":"vikas","email":"vikas@gmail.com","phoneNumber":8218778809,"id":2,"address":null}
2025-03-18 13:43:41 [http-nio-8080-exec-7] INFO  c.e.A.service.ContactService - Employee saved in db: {"name":"vikas","email":"vikas@gmail.com","phoneNumber":8218778809,"address":null,"id":2}
2025-03-18 13:43:41 [http-nio-8080-exec-7] INFO  c.e.A.service.ContactService - Employee DTO sent: {"name":"vikas","email":"vikas@gmail.com","phoneNumber":8218778809,"id":2,"address":null}
2025-03-18 13:44:05 [http-nio-8080-exec-8] INFO  c.e.A.controller.AddressController - Create employee: {"name":"vikas","email":"vikas@gmail.com","phoneNumber":8218778809,"id":2,"address":"Mathura"}
2025-03-18 13:44:05 [http-nio-8080-exec-8] ERROR c.e.A.service.ContactService - Exception : java.lang.RuntimeException Reason : User already created with given email
2025-03-18 13:44:48 [SpringApplicationShutdownHook] INFO  o.s.b.w.e.tomcat.GracefulShutdown - Commencing graceful shutdown. Waiting for active requests to complete
2025-03-18 13:44:48 [tomcat-shutdown] INFO  o.s.b.w.e.tomcat.GracefulShutdown - Graceful shutdown complete
2025-03-18 13:44:48 [SpringApplicationShutdownHook] INFO  o.s.o.j.LocalContainerEntityManagerFactoryBean - Closing JPA EntityManagerFactory for persistence unit 'default'
2025-03-18 13:44:48 [SpringApplicationShutdownHook] INFO  com.zaxxer.hikari.HikariDataSource - HikariPool-1 - Shutdown initiated...
2025-03-18 13:44:48 [SpringApplicationShutdownHook] INFO  com.zaxxer.hikari.HikariDataSource - HikariPool-1 - Shutdown completed.
2025-03-18 13:44:56 [restartedMain] INFO  c.e.A.AddressBookAppApplication - Starting AddressBookAppApplication using Java 23.0.2 with PID 12600 (C:\Users\dhruv\Downloads\AddressBookApp\AddressBookApp\target\classes started by dhruv in C:\Users\dhruv\Downloads\AddressBookApp\AddressBookApp)
2025-03-18 13:44:56 [restartedMain] DEBUG c.e.A.AddressBookAppApplication - Running with Spring Boot v3.4.3, Spring v6.2.3
2025-03-18 13:44:56 [restartedMain] INFO  c.e.A.AddressBookAppApplication - The following 1 profile is active: "dev"
2025-03-18 13:44:56 [restartedMain] INFO  o.s.b.d.e.DevToolsPropertyDefaultsPostProcessor - Devtools property defaults active! Set 'spring.devtools.add-properties' to 'false' to disable
2025-03-18 13:44:56 [restartedMain] INFO  o.s.b.d.e.DevToolsPropertyDefaultsPostProcessor - For additional web related logging consider setting the 'logging.level.web' property to 'DEBUG'
2025-03-18 13:44:57 [restartedMain] INFO  o.s.d.r.c.RepositoryConfigurationDelegate - Multiple Spring Data modules found, entering strict repository configuration mode
2025-03-18 13:44:57 [restartedMain] INFO  o.s.d.r.c.RepositoryConfigurationDelegate - Bootstrapping Spring Data JPA repositories in DEFAULT mode.
2025-03-18 13:44:58 [restartedMain] INFO  o.s.d.r.c.RepositoryConfigurationDelegate - Finished Spring Data repository scanning in 190 ms. Found 2 JPA repository interfaces.
2025-03-18 13:44:58 [restartedMain] INFO  o.s.d.r.c.RepositoryConfigurationDelegate - Multiple Spring Data modules found, entering strict repository configuration mode
2025-03-18 13:44:58 [restartedMain] INFO  o.s.d.r.c.RepositoryConfigurationDelegate - Bootstrapping Spring Data Redis repositories in DEFAULT mode.
2025-03-18 13:44:58 [restartedMain] INFO  o.s.d.r.c.RepositoryConfigurationExtensionSupport - Spring Data Redis - Could not safely identify store assignment for repository candidate interface com.example.AddressBookApp.repository.ContactRepository; If you want this repository to be a Redis repository, consider annotating your entities with one of these annotations: org.springframework.data.redis.core.RedisHash (preferred), or consider extending one of the following types with your repository: org.springframework.data.keyvalue.repository.KeyValueRepository
2025-03-18 13:44:58 [restartedMain] INFO  o.s.d.r.c.RepositoryConfigurationExtensionSupport - Spring Data Redis - Could not safely identify store assignment for repository candidate interface com.example.AddressBookApp.repository.UserRepository; If you want this repository to be a Redis repository, consider annotating your entities with one of these annotations: org.springframework.data.redis.core.RedisHash (preferred), or consider extending one of the following types with your repository: org.springframework.data.keyvalue.repository.KeyValueRepository
2025-03-18 13:44:58 [restartedMain] INFO  o.s.d.r.c.RepositoryConfigurationDelegate - Finished Spring Data repository scanning in 12 ms. Found 0 Redis repository interfaces.
2025-03-18 13:44:59 [restartedMain] INFO  o.s.b.w.e.tomcat.TomcatWebServer - Tomcat initialized with port 8080 (http)
2025-03-18 13:44:59 [restartedMain] INFO  o.a.catalina.core.StandardService - Starting service [Tomcat]
2025-03-18 13:44:59 [restartedMain] INFO  o.a.catalina.core.StandardEngine - Starting Servlet engine: [Apache Tomcat/10.1.36]
2025-03-18 13:44:59 [restartedMain] INFO  o.a.c.c.C.[Tomcat].[localhost].[/] - Initializing Spring embedded WebApplicationContext
2025-03-18 13:44:59 [restartedMain] INFO  o.s.b.w.s.c.ServletWebServerApplicationContext - Root WebApplicationContext: initialization completed in 3026 ms
2025-03-18 13:44:59 [restartedMain] INFO  o.h.jpa.internal.util.LogHelper - HHH000204: Processing PersistenceUnitInfo [name: default]
2025-03-18 13:44:59 [restartedMain] INFO  org.hibernate.Version - HHH000412: Hibernate ORM core version 6.6.8.Final
2025-03-18 13:44:59 [restartedMain] INFO  o.h.c.i.RegionFactoryInitiator - HHH000026: Second-level cache disabled
2025-03-18 13:45:00 [restartedMain] INFO  o.s.o.j.p.SpringPersistenceUnitInfo - No LoadTimeWeaver setup: ignoring JPA class transformer
2025-03-18 13:45:00 [restartedMain] INFO  com.zaxxer.hikari.HikariDataSource - HikariPool-1 - Starting...
2025-03-18 13:45:00 [restartedMain] INFO  com.zaxxer.hikari.pool.HikariPool - HikariPool-1 - Added connection com.mysql.cj.jdbc.ConnectionImpl@4472a523
2025-03-18 13:45:00 [restartedMain] INFO  com.zaxxer.hikari.HikariDataSource - HikariPool-1 - Start completed.
2025-03-18 13:45:00 [restartedMain] WARN  org.hibernate.orm.deprecation - HHH90000025: MySQL8Dialect does not need to be specified explicitly using 'hibernate.dialect' (remove the property setting and it will be selected by default)
2025-03-18 13:45:00 [restartedMain] WARN  org.hibernate.orm.deprecation - HHH90000026: MySQL8Dialect has been deprecated; use org.hibernate.dialect.MySQLDialect instead
2025-03-18 13:45:00 [restartedMain] INFO  o.hibernate.orm.connections.pooling - HHH10001005: Database info:
	Database JDBC URL [Connecting through datasource 'HikariDataSource (HikariPool-1)']
	Database driver: undefined/unknown
	Database version: 8.0
	Autocommit mode: undefined/unknown
	Isolation level: undefined/unknown
	Minimum pool size: undefined/unknown
	Maximum pool size: undefined/unknown
2025-03-18 13:45:02 [restartedMain] INFO  o.h.e.t.j.p.i.JtaPlatformInitiator - HHH000489: No JTA platform available (set 'hibernate.transaction.jta.platform' to enable JTA platform integration)
2025-03-18 13:45:02 [restartedMain] INFO  o.s.o.j.LocalContainerEntityManagerFactoryBean - Initialized JPA EntityManagerFactory for persistence unit 'default'
2025-03-18 13:45:03 [restartedMain] WARN  o.s.b.a.o.j.JpaBaseConfiguration$JpaWebConfiguration - spring.jpa.open-in-view is enabled by default. Therefore, database queries may be performed during view rendering. Explicitly configure spring.jpa.open-in-view to disable this warning
2025-03-18 13:45:03 [restartedMain] WARN  o.s.b.a.s.s.UserDetailsServiceAutoConfiguration - 

Using generated security password: 5fec263c-7be4-4878-b1b2-2212452a30ec

This generated password is for development use only. Your security configuration must be updated before running your application in production.

2025-03-18 13:45:03 [restartedMain] INFO  o.s.s.c.a.a.c.InitializeUserDetailsBeanManagerConfigurer$InitializeUserDetailsManagerConfigurer - Global AuthenticationManager configured with UserDetailsService bean with name inMemoryUserDetailsManager
2025-03-18 13:45:04 [restartedMain] INFO  o.s.b.a.h.H2ConsoleAutoConfiguration - H2 console available at '/h2-console'. Database available at 'jdbc:mysql://localhost:3306/addressbookdb'
2025-03-18 13:45:04 [restartedMain] INFO  o.s.b.d.a.OptionalLiveReloadServer - LiveReload server is running on port 35729
2025-03-18 13:45:04 [restartedMain] INFO  o.s.b.w.e.tomcat.TomcatWebServer - Tomcat started on port 8080 (http) with context path '/'
2025-03-18 13:45:04 [restartedMain] INFO  c.e.A.AddressBookAppApplication - Started AddressBookAppApplication in 8.887 seconds (process running for 9.613)
2025-03-18 13:45:32 [http-nio-8080-exec-1] INFO  o.a.c.c.C.[Tomcat].[localhost].[/] - Initializing Spring DispatcherServlet 'dispatcherServlet'
2025-03-18 13:45:32 [http-nio-8080-exec-1] INFO  o.s.web.servlet.DispatcherServlet - Initializing Servlet 'dispatcherServlet'
2025-03-18 13:45:32 [http-nio-8080-exec-1] INFO  o.s.web.servlet.DispatcherServlet - Completed initialization in 2 ms
2025-03-18 13:45:33 [http-nio-8080-exec-1] INFO  c.e.A.controller.UserController - Register: {"firstName":"raj","lastName":"gupta","email":"raj@gmail.com","password":"Raj@123","id":null}
2025-03-18 13:45:33 [http-nio-8080-exec-1] INFO  c.e.A.service.AuthenticationService - User saved in database : {"firstName":"raj","lastName":"gupta","email":"raj@gmail.com","password":"Raj@123","hashPass":"$2a$10$SRHvr5AOOq0D4IZy/GaIi.6aXPGHj2iiutBM2cmJzTnvwy0hBtikO","token":"","id":102}
2025-03-18 13:45:48 [http-nio-8080-exec-3] INFO  c.e.A.controller.UserController - Login: {"email":"raj@gmail.com","password":"Raj@123"}
2025-03-18 13:45:49 [http-nio-8080-exec-3] INFO  c.e.A.service.AuthenticationService - User logged in with email raj@gmail.com
2025-03-18 13:46:16 [http-nio-8080-exec-4] INFO  c.e.A.controller.AddressController - Create employee: {"name":"raj","email":"raj@gmail.com","phoneNumber":8876342579,"address":"Agra","id":2}
2025-03-18 13:46:16 [http-nio-8080-exec-4] INFO  c.e.A.service.ContactService - Employee saved in db: {"name":"raj","email":"raj@gmail.com","phoneNumber":8876342579,"address":"Agra","id":52}
2025-03-18 13:46:16 [http-nio-8080-exec-4] INFO  c.e.A.service.ContactService - Employee DTO sent: {"name":"raj","email":"raj@gmail.com","phoneNumber":8876342579,"address":"Agra","id":52}
2025-03-18 13:46:47 [http-nio-8080-exec-5] INFO  c.e.A.controller.UserController - Login: {"email":"raj@gmail.com","password":"Raj@123"}
2025-03-18 13:46:47 [http-nio-8080-exec-5] INFO  c.e.A.service.AuthenticationService - User logged in with email raj@gmail.com
2025-03-18 13:46:54 [http-nio-8080-exec-6] INFO  c.e.A.controller.AddressController - Create employee: {"name":"raj","email":"raj@gmail.com","phoneNumber":8876342579,"address":"Agra","id":2}
2025-03-18 13:46:54 [http-nio-8080-exec-6] ERROR c.e.A.service.ContactService - Exception : java.lang.RuntimeException Reason : User already created with given email
2025-03-18 13:50:00 [http-nio-8080-exec-9] INFO  c.e.A.controller.AddressController - Get id: 52
2025-03-18 13:50:00 [http-nio-8080-exec-9] INFO  c.e.A.service.ContactService - Employee DTO send for id: 52 is : {"name":"raj","email":"raj@gmail.com","phoneNumber":52,"address":"Agra","id":52}
2025-03-18 13:51:35 [http-nio-8080-exec-1] INFO  c.e.A.controller.AddressController - Get id: 52
2025-03-18 13:51:35 [http-nio-8080-exec-1] INFO  c.e.A.service.ContactService - Employee DTO send for id: 52 is : {"name":"raj","email":"raj@gmail.com","phoneNumber":52,"address":"Agra","id":52}
2025-03-18 13:54:35 [http-nio-8080-exec-5] INFO  c.e.A.controller.UserController - Register: {"firstName":"aman","lastName":"gupta","email":"aman@gmail.com","password":"Aman@123","id":null}
2025-03-18 13:54:35 [http-nio-8080-exec-5] INFO  c.e.A.service.AuthenticationService - User saved in database : {"firstName":"aman","lastName":"gupta","email":"aman@gmail.com","password":"Aman@123","hashPass":"$2a$10$7bQRvCGrpNE9rNLRFTLCle3lDFtcrh8qfJ7t/CQHRSEFTYFmFkHGW","token":"","id":103}
2025-03-18 13:55:04 [http-nio-8080-exec-6] INFO  c.e.A.controller.UserController - Login: {"email":"Aman@gmail.com","password":"Aman@123"}
2025-03-18 13:55:04 [http-nio-8080-exec-6] ERROR c.e.A.service.AuthenticationService - User already registered with email: Aman@gmail.com Exception : {}
java.lang.RuntimeException: null
	at com.example.AddressBookApp.service.AuthenticationService.login(AuthenticationService.java:78)
	at com.example.AddressBookApp.controller.UserController.login(UserController.java:36)
	at java.base/jdk.internal.reflect.DirectMethodHandleAccessor.invoke(DirectMethodHandleAccessor.java:103)
	at java.base/java.lang.reflect.Method.invoke(Method.java:580)
	at org.springframework.web.method.support.InvocableHandlerMethod.doInvoke(InvocableHandlerMethod.java:257)
	at org.springframework.web.method.support.InvocableHandlerMethod.invokeForRequest(InvocableHandlerMethod.java:190)
	at org.springframework.web.servlet.mvc.method.annotation.ServletInvocableHandlerMethod.invokeAndHandle(ServletInvocableHandlerMethod.java:118)
	at org.springframework.web.servlet.mvc.method.annotation.RequestMappingHandlerAdapter.invokeHandlerMethod(RequestMappingHandlerAdapter.java:986)
	at org.springframework.web.servlet.mvc.method.annotation.RequestMappingHandlerAdapter.handleInternal(RequestMappingHandlerAdapter.java:891)
	at org.springframework.web.servlet.mvc.method.AbstractHandlerMethodAdapter.handle(AbstractHandlerMethodAdapter.java:87)
	at org.springframework.web.servlet.DispatcherServlet.doDispatch(DispatcherServlet.java:1088)
	at org.springframework.web.servlet.DispatcherServlet.doService(DispatcherServlet.java:978)
	at org.springframework.web.servlet.FrameworkServlet.processRequest(FrameworkServlet.java:1014)
	at org.springframework.web.servlet.FrameworkServlet.doPost(FrameworkServlet.java:914)
	at jakarta.servlet.http.HttpServlet.service(HttpServlet.java:590)
	at org.springframework.web.servlet.FrameworkServlet.service(FrameworkServlet.java:885)
	at jakarta.servlet.http.HttpServlet.service(HttpServlet.java:658)
	at org.apache.catalina.core.ApplicationFilterChain.internalDoFilter(ApplicationFilterChain.java:195)
	at org.apache.catalina.core.ApplicationFilterChain.doFilter(ApplicationFilterChain.java:140)
	at org.apache.tomcat.websocket.server.WsFilter.doFilter(WsFilter.java:51)
	at org.apache.catalina.core.ApplicationFilterChain.internalDoFilter(ApplicationFilterChain.java:164)
	at org.apache.catalina.core.ApplicationFilterChain.doFilter(ApplicationFilterChain.java:140)
	at org.springframework.web.filter.CompositeFilter$VirtualFilterChain.doFilter(CompositeFilter.java:108)
	at org.springframework.security.web.FilterChainProxy.lambda$doFilterInternal$3(FilterChainProxy.java:231)
	at org.springframework.security.web.FilterChainProxy$VirtualFilterChain.doFilter(FilterChainProxy.java:365)
	at org.springframework.security.web.access.intercept.AuthorizationFilter.doFilter(AuthorizationFilter.java:101)
	at org.springframework.security.web.FilterChainProxy$VirtualFilterChain.doFilter(FilterChainProxy.java:374)
	at org.springframework.security.web.access.ExceptionTranslationFilter.doFilter(ExceptionTranslationFilter.java:126)
	at org.springframework.security.web.access.ExceptionTranslationFilter.doFilter(ExceptionTranslationFilter.java:120)
	at org.springframework.security.web.FilterChainProxy$VirtualFilterChain.doFilter(FilterChainProxy.java:374)
	at org.springframework.security.web.authentication.AnonymousAuthenticationFilter.doFilter(AnonymousAuthenticationFilter.java:100)
	at org.springframework.security.web.FilterChainProxy$VirtualFilterChain.doFilter(FilterChainProxy.java:374)
	at org.springframework.security.web.servletapi.SecurityContextHolderAwareRequestFilter.doFilter(SecurityContextHolderAwareRequestFilter.java:179)
	at org.springframework.security.web.FilterChainProxy$VirtualFilterChain.doFilter(FilterChainProxy.java:374)
	at org.springframework.security.web.savedrequest.RequestCacheAwareFilter.doFilter(RequestCacheAwareFilter.java:63)
	at org.springframework.security.web.FilterChainProxy$VirtualFilterChain.doFilter(FilterChainProxy.java:374)
	at org.springframework.security.web.authentication.logout.LogoutFilter.doFilter(LogoutFilter.java:107)
	at org.springframework.security.web.authentication.logout.LogoutFilter.doFilter(LogoutFilter.java:93)
	at org.springframework.security.web.FilterChainProxy$VirtualFilterChain.doFilter(FilterChainProxy.java:374)
	at org.springframework.security.web.header.HeaderWriterFilter.doHeadersAfter(HeaderWriterFilter.java:90)
	at org.springframework.security.web.header.HeaderWriterFilter.doFilterInternal(HeaderWriterFilter.java:75)
	at org.springframework.web.filter.OncePerRequestFilter.doFilter(OncePerRequestFilter.java:116)
	at org.springframework.security.web.FilterChainProxy$VirtualFilterChain.doFilter(FilterChainProxy.java:374)
	at org.springframework.security.web.context.SecurityContextHolderFilter.doFilter(SecurityContextHolderFilter.java:82)
	at org.springframework.security.web.context.SecurityContextHolderFilter.doFilter(SecurityContextHolderFilter.java:69)
	at org.springframework.security.web.FilterChainProxy$VirtualFilterChain.doFilter(FilterChainProxy.java:374)
	at org.springframework.security.web.context.request.async.WebAsyncManagerIntegrationFilter.doFilterInternal(WebAsyncManagerIntegrationFilter.java:62)
	at org.springframework.web.filter.OncePerRequestFilter.doFilter(OncePerRequestFilter.java:116)
	at org.springframework.security.web.FilterChainProxy$VirtualFilterChain.doFilter(FilterChainProxy.java:374)
	at org.springframework.security.web.session.DisableEncodeUrlFilter.doFilterInternal(DisableEncodeUrlFilter.java:42)
	at org.springframework.web.filter.OncePerRequestFilter.doFilter(OncePerRequestFilter.java:116)
	at org.springframework.security.web.FilterChainProxy$VirtualFilterChain.doFilter(FilterChainProxy.java:374)
	at org.springframework.security.web.FilterChainProxy.doFilterInternal(FilterChainProxy.java:233)
	at org.springframework.security.web.FilterChainProxy.doFilter(FilterChainProxy.java:191)
	at org.springframework.web.filter.CompositeFilter$VirtualFilterChain.doFilter(CompositeFilter.java:113)
	at org.springframework.web.servlet.handler.HandlerMappingIntrospector.lambda$createCacheFilter$3(HandlerMappingIntrospector.java:243)
	at org.springframework.web.filter.CompositeFilter$VirtualFilterChain.doFilter(CompositeFilter.java:113)
	at org.springframework.web.filter.CompositeFilter.doFilter(CompositeFilter.java:74)
	at org.springframework.security.config.annotation.web.configuration.WebMvcSecurityConfiguration$CompositeFilterChainProxy.doFilter(WebMvcSecurityConfiguration.java:238)
	at org.springframework.web.filter.DelegatingFilterProxy.invokeDelegate(DelegatingFilterProxy.java:362)
	at org.springframework.web.filter.DelegatingFilterProxy.doFilter(DelegatingFilterProxy.java:278)
	at org.apache.catalina.core.ApplicationFilterChain.internalDoFilter(ApplicationFilterChain.java:164)
	at org.apache.catalina.core.ApplicationFilterChain.doFilter(ApplicationFilterChain.java:140)
	at org.springframework.web.filter.RequestContextFilter.doFilterInternal(RequestContextFilter.java:100)
	at org.springframework.web.filter.OncePerRequestFilter.doFilter(OncePerRequestFilter.java:116)
	at org.apache.catalina.core.ApplicationFilterChain.internalDoFilter(ApplicationFilterChain.java:164)
	at org.apache.catalina.core.ApplicationFilterChain.doFilter(ApplicationFilterChain.java:140)
	at org.springframework.web.filter.FormContentFilter.doFilterInternal(FormContentFilter.java:93)
	at org.springframework.web.filter.OncePerRequestFilter.doFilter(OncePerRequestFilter.java:116)
	at org.apache.catalina.core.ApplicationFilterChain.internalDoFilter(ApplicationFilterChain.java:164)
	at org.apache.catalina.core.ApplicationFilterChain.doFilter(ApplicationFilterChain.java:140)
	at org.springframework.web.filter.CharacterEncodingFilter.doFilterInternal(CharacterEncodingFilter.java:201)
	at org.springframework.web.filter.OncePerRequestFilter.doFilter(OncePerRequestFilter.java:116)
	at org.apache.catalina.core.ApplicationFilterChain.internalDoFilter(ApplicationFilterChain.java:164)
	at org.apache.catalina.core.ApplicationFilterChain.doFilter(ApplicationFilterChain.java:140)
	at org.apache.catalina.core.StandardWrapperValve.invoke(StandardWrapperValve.java:167)
	at org.apache.catalina.core.StandardContextValve.invoke(StandardContextValve.java:90)
	at org.apache.catalina.authenticator.AuthenticatorBase.invoke(AuthenticatorBase.java:483)
	at org.apache.catalina.core.StandardHostValve.invoke(StandardHostValve.java:115)
	at org.apache.catalina.valves.ErrorReportValve.invoke(ErrorReportValve.java:93)
	at org.apache.catalina.core.StandardEngineValve.invoke(StandardEngineValve.java:74)
	at org.apache.catalina.connector.CoyoteAdapter.service(CoyoteAdapter.java:344)
	at org.apache.coyote.http11.Http11Processor.service(Http11Processor.java:397)
	at org.apache.coyote.AbstractProcessorLight.process(AbstractProcessorLight.java:63)
	at org.apache.coyote.AbstractProtocol$ConnectionHandler.process(AbstractProtocol.java:905)
	at org.apache.tomcat.util.net.NioEndpoint$SocketProcessor.doRun(NioEndpoint.java:1743)
	at org.apache.tomcat.util.net.SocketProcessorBase.run(SocketProcessorBase.java:52)
	at org.apache.tomcat.util.threads.ThreadPoolExecutor.runWorker(ThreadPoolExecutor.java:1190)
	at org.apache.tomcat.util.threads.ThreadPoolExecutor$Worker.run(ThreadPoolExecutor.java:659)
	at org.apache.tomcat.util.threads.TaskThread$WrappingRunnable.run(TaskThread.java:63)
	at java.base/java.lang.Thread.run(Thread.java:1575)
2025-03-18 13:55:12 [http-nio-8080-exec-7] INFO  c.e.A.controller.UserController - Login: {"email":"Aman@gmail.com","password":"Aman@123"}
2025-03-18 13:55:12 [http-nio-8080-exec-7] ERROR c.e.A.service.AuthenticationService - User already registered with email: Aman@gmail.com Exception : {}
java.lang.RuntimeException: null
	at com.example.AddressBookApp.service.AuthenticationService.login(AuthenticationService.java:78)
	at com.example.AddressBookApp.controller.UserController.login(UserController.java:36)
	at java.base/jdk.internal.reflect.DirectMethodHandleAccessor.invoke(DirectMethodHandleAccessor.java:103)
	at java.base/java.lang.reflect.Method.invoke(Method.java:580)
	at org.springframework.web.method.support.InvocableHandlerMethod.doInvoke(InvocableHandlerMethod.java:257)
	at org.springframework.web.method.support.InvocableHandlerMethod.invokeForRequest(InvocableHandlerMethod.java:190)
	at org.springframework.web.servlet.mvc.method.annotation.ServletInvocableHandlerMethod.invokeAndHandle(ServletInvocableHandlerMethod.java:118)
	at org.springframework.web.servlet.mvc.method.annotation.RequestMappingHandlerAdapter.invokeHandlerMethod(RequestMappingHandlerAdapter.java:986)
	at org.springframework.web.servlet.mvc.method.annotation.RequestMappingHandlerAdapter.handleInternal(RequestMappingHandlerAdapter.java:891)
	at org.springframework.web.servlet.mvc.method.AbstractHandlerMethodAdapter.handle(AbstractHandlerMethodAdapter.java:87)
	at org.springframework.web.servlet.DispatcherServlet.doDispatch(DispatcherServlet.java:1088)
	at org.springframework.web.servlet.DispatcherServlet.doService(DispatcherServlet.java:978)
	at org.springframework.web.servlet.FrameworkServlet.processRequest(FrameworkServlet.java:1014)
	at org.springframework.web.servlet.FrameworkServlet.doPost(FrameworkServlet.java:914)
	at jakarta.servlet.http.HttpServlet.service(HttpServlet.java:590)
	at org.springframework.web.servlet.FrameworkServlet.service(FrameworkServlet.java:885)
	at jakarta.servlet.http.HttpServlet.service(HttpServlet.java:658)
	at org.apache.catalina.core.ApplicationFilterChain.internalDoFilter(ApplicationFilterChain.java:195)
	at org.apache.catalina.core.ApplicationFilterChain.doFilter(ApplicationFilterChain.java:140)
	at org.apache.tomcat.websocket.server.WsFilter.doFilter(WsFilter.java:51)
	at org.apache.catalina.core.ApplicationFilterChain.internalDoFilter(ApplicationFilterChain.java:164)
	at org.apache.catalina.core.ApplicationFilterChain.doFilter(ApplicationFilterChain.java:140)
	at org.springframework.web.filter.CompositeFilter$VirtualFilterChain.doFilter(CompositeFilter.java:108)
	at org.springframework.security.web.FilterChainProxy.lambda$doFilterInternal$3(FilterChainProxy.java:231)
	at org.springframework.security.web.FilterChainProxy$VirtualFilterChain.doFilter(FilterChainProxy.java:365)
	at org.springframework.security.web.access.intercept.AuthorizationFilter.doFilter(AuthorizationFilter.java:101)
	at org.springframework.security.web.FilterChainProxy$VirtualFilterChain.doFilter(FilterChainProxy.java:374)
	at org.springframework.security.web.access.ExceptionTranslationFilter.doFilter(ExceptionTranslationFilter.java:126)
	at org.springframework.security.web.access.ExceptionTranslationFilter.doFilter(ExceptionTranslationFilter.java:120)
	at org.springframework.security.web.FilterChainProxy$VirtualFilterChain.doFilter(FilterChainProxy.java:374)
	at org.springframework.security.web.authentication.AnonymousAuthenticationFilter.doFilter(AnonymousAuthenticationFilter.java:100)
	at org.springframework.security.web.FilterChainProxy$VirtualFilterChain.doFilter(FilterChainProxy.java:374)
	at org.springframework.security.web.servletapi.SecurityContextHolderAwareRequestFilter.doFilter(SecurityContextHolderAwareRequestFilter.java:179)
	at org.springframework.security.web.FilterChainProxy$VirtualFilterChain.doFilter(FilterChainProxy.java:374)
	at org.springframework.security.web.savedrequest.RequestCacheAwareFilter.doFilter(RequestCacheAwareFilter.java:63)
	at org.springframework.security.web.FilterChainProxy$VirtualFilterChain.doFilter(FilterChainProxy.java:374)
	at org.springframework.security.web.authentication.logout.LogoutFilter.doFilter(LogoutFilter.java:107)
	at org.springframework.security.web.authentication.logout.LogoutFilter.doFilter(LogoutFilter.java:93)
	at org.springframework.security.web.FilterChainProxy$VirtualFilterChain.doFilter(FilterChainProxy.java:374)
	at org.springframework.security.web.header.HeaderWriterFilter.doHeadersAfter(HeaderWriterFilter.java:90)
	at org.springframework.security.web.header.HeaderWriterFilter.doFilterInternal(HeaderWriterFilter.java:75)
	at org.springframework.web.filter.OncePerRequestFilter.doFilter(OncePerRequestFilter.java:116)
	at org.springframework.security.web.FilterChainProxy$VirtualFilterChain.doFilter(FilterChainProxy.java:374)
	at org.springframework.security.web.context.SecurityContextHolderFilter.doFilter(SecurityContextHolderFilter.java:82)
	at org.springframework.security.web.context.SecurityContextHolderFilter.doFilter(SecurityContextHolderFilter.java:69)
	at org.springframework.security.web.FilterChainProxy$VirtualFilterChain.doFilter(FilterChainProxy.java:374)
	at org.springframework.security.web.context.request.async.WebAsyncManagerIntegrationFilter.doFilterInternal(WebAsyncManagerIntegrationFilter.java:62)
	at org.springframework.web.filter.OncePerRequestFilter.doFilter(OncePerRequestFilter.java:116)
	at org.springframework.security.web.FilterChainProxy$VirtualFilterChain.doFilter(FilterChainProxy.java:374)
	at org.springframework.security.web.session.DisableEncodeUrlFilter.doFilterInternal(DisableEncodeUrlFilter.java:42)
	at org.springframework.web.filter.OncePerRequestFilter.doFilter(OncePerRequestFilter.java:116)
	at org.springframework.security.web.FilterChainProxy$VirtualFilterChain.doFilter(FilterChainProxy.java:374)
	at org.springframework.security.web.FilterChainProxy.doFilterInternal(FilterChainProxy.java:233)
	at org.springframework.security.web.FilterChainProxy.doFilter(FilterChainProxy.java:191)
	at org.springframework.web.filter.CompositeFilter$VirtualFilterChain.doFilter(CompositeFilter.java:113)
	at org.springframework.web.servlet.handler.HandlerMappingIntrospector.lambda$createCacheFilter$3(HandlerMappingIntrospector.java:243)
	at org.springframework.web.filter.CompositeFilter$VirtualFilterChain.doFilter(CompositeFilter.java:113)
	at org.springframework.web.filter.CompositeFilter.doFilter(CompositeFilter.java:74)
	at org.springframework.security.config.annotation.web.configuration.WebMvcSecurityConfiguration$CompositeFilterChainProxy.doFilter(WebMvcSecurityConfiguration.java:238)
	at org.springframework.web.filter.DelegatingFilterProxy.invokeDelegate(DelegatingFilterProxy.java:362)
	at org.springframework.web.filter.DelegatingFilterProxy.doFilter(DelegatingFilterProxy.java:278)
	at org.apache.catalina.core.ApplicationFilterChain.internalDoFilter(ApplicationFilterChain.java:164)
	at org.apache.catalina.core.ApplicationFilterChain.doFilter(ApplicationFilterChain.java:140)
	at org.springframework.web.filter.RequestContextFilter.doFilterInternal(RequestContextFilter.java:100)
	at org.springframework.web.filter.OncePerRequestFilter.doFilter(OncePerRequestFilter.java:116)
	at org.apache.catalina.core.ApplicationFilterChain.internalDoFilter(ApplicationFilterChain.java:164)
	at org.apache.catalina.core.ApplicationFilterChain.doFilter(ApplicationFilterChain.java:140)
	at org.springframework.web.filter.FormContentFilter.doFilterInternal(FormContentFilter.java:93)
	at org.springframework.web.filter.OncePerRequestFilter.doFilter(OncePerRequestFilter.java:116)
	at org.apache.catalina.core.ApplicationFilterChain.internalDoFilter(ApplicationFilterChain.java:164)
	at org.apache.catalina.core.ApplicationFilterChain.doFilter(ApplicationFilterChain.java:140)
	at org.springframework.web.filter.CharacterEncodingFilter.doFilterInternal(CharacterEncodingFilter.java:201)
	at org.springframework.web.filter.OncePerRequestFilter.doFilter(OncePerRequestFilter.java:116)
	at org.apache.catalina.core.ApplicationFilterChain.internalDoFilter(ApplicationFilterChain.java:164)
	at org.apache.catalina.core.ApplicationFilterChain.doFilter(ApplicationFilterChain.java:140)
	at org.apache.catalina.core.StandardWrapperValve.invoke(StandardWrapperValve.java:167)
	at org.apache.catalina.core.StandardContextValve.invoke(StandardContextValve.java:90)
	at org.apache.catalina.authenticator.AuthenticatorBase.invoke(AuthenticatorBase.java:483)
	at org.apache.catalina.core.StandardHostValve.invoke(StandardHostValve.java:115)
	at org.apache.catalina.valves.ErrorReportValve.invoke(ErrorReportValve.java:93)
	at org.apache.catalina.core.StandardEngineValve.invoke(StandardEngineValve.java:74)
	at org.apache.catalina.connector.CoyoteAdapter.service(CoyoteAdapter.java:344)
	at org.apache.coyote.http11.Http11Processor.service(Http11Processor.java:397)
	at org.apache.coyote.AbstractProcessorLight.process(AbstractProcessorLight.java:63)
	at org.apache.coyote.AbstractProtocol$ConnectionHandler.process(AbstractProtocol.java:905)
	at org.apache.tomcat.util.net.NioEndpoint$SocketProcessor.doRun(NioEndpoint.java:1743)
	at org.apache.tomcat.util.net.SocketProcessorBase.run(SocketProcessorBase.java:52)
	at org.apache.tomcat.util.threads.ThreadPoolExecutor.runWorker(ThreadPoolExecutor.java:1190)
	at org.apache.tomcat.util.threads.ThreadPoolExecutor$Worker.run(ThreadPoolExecutor.java:659)
	at org.apache.tomcat.util.threads.TaskThread$WrappingRunnable.run(TaskThread.java:63)
	at java.base/java.lang.Thread.run(Thread.java:1575)
2025-03-18 13:55:39 [http-nio-8080-exec-8] INFO  c.e.A.controller.UserController - Login: {"email":"aman@gmail.com","password":"Aman@123"}
2025-03-18 13:55:39 [http-nio-8080-exec-8] INFO  c.e.A.service.AuthenticationService - User logged in with email aman@gmail.com
2025-03-18 13:56:14 [http-nio-8080-exec-9] INFO  c.e.A.controller.AddressController - Create employee: {"name":"aman","email":"aman@gmail.com","phoneNumber":8876342579,"address":"Agra","id":2}
2025-03-18 13:56:14 [http-nio-8080-exec-9] INFO  c.e.A.service.ContactService - Employee saved in db: {"name":"aman","email":"aman@gmail.com","phoneNumber":8876342579,"address":"Agra","id":53}
2025-03-18 13:56:14 [http-nio-8080-exec-9] INFO  c.e.A.service.ContactService - Employee DTO sent: {"name":"aman","email":"aman@gmail.com","phoneNumber":8876342579,"address":"Agra","id":53}
2025-03-18 13:59:08 [http-nio-8080-exec-2] INFO  c.e.A.controller.AddressController - Get id: 53
2025-03-18 13:59:08 [http-nio-8080-exec-2] INFO  c.e.A.service.ContactService - Employee DTO send for id: 53 is : {"name":"aman","email":"aman@gmail.com","phoneNumber":53,"address":"Agra","id":53}
2025-03-18 14:10:30 [http-nio-8080-exec-5] INFO  c.e.A.controller.UserController - Register: {"firstName":"Dhruv","lastName":"Varshney","email":"dhruv11@gmail.com","password":"Dhruv@1234","id":null}
2025-03-18 14:10:30 [http-nio-8080-exec-5] INFO  c.e.A.service.AuthenticationService - User saved in database : {"firstName":"Dhruv","lastName":"Varshney","email":"dhruv11@gmail.com","password":"Dhruv@1234","hashPass":"$2a$10$Lq8njwXQSJyFg2iTjbef5eGHsG4N6FIdqyom03zIirvw5Acc6intC","token":"","id":104}
2025-03-18 14:10:50 [http-nio-8080-exec-6] INFO  c.e.A.controller.UserController - Login: {"email":"dhruv11@gmail.com","password":"Dhruv@1234"}
2025-03-18 14:10:50 [http-nio-8080-exec-6] INFO  c.e.A.service.AuthenticationService - User logged in with email dhruv11@gmail.com
2025-03-18 14:11:23 [http-nio-8080-exec-7] INFO  c.e.A.controller.AddressController - Create employee: {"name":"Dhruv","email":"dhruv11@gmail.com","phoneNumber":8876342579,"address":"Agra","id":2}
2025-03-18 14:11:24 [http-nio-8080-exec-7] INFO  c.e.A.service.ContactService - Employee saved in db: {"name":"Dhruv","email":"dhruv11@gmail.com","phoneNumber":8876342579,"address":"Agra","id":54}
2025-03-18 14:11:24 [http-nio-8080-exec-7] INFO  c.e.A.service.ContactService - Employee DTO sent: {"name":"Dhruv","email":"dhruv11@gmail.com","phoneNumber":8876342579,"address":"Agra","id":54}
2025-03-18 14:11:37 [http-nio-8080-exec-8] INFO  c.e.A.controller.AddressController - Get id: 53
2025-03-18 14:11:37 [http-nio-8080-exec-8] INFO  c.e.A.service.ContactService - Employee DTO send for id: 53 is : {"name":"aman","email":"aman@gmail.com","phoneNumber":53,"address":"Agra","id":53}
2025-03-18 14:11:50 [http-nio-8080-exec-9] INFO  c.e.A.controller.AddressController - Get id: 53
2025-03-18 14:11:50 [http-nio-8080-exec-9] INFO  c.e.A.service.ContactService - Employee DTO send for id: 53 is : {"name":"aman","email":"aman@gmail.com","phoneNumber":53,"address":"Agra","id":53}
2025-03-18 14:11:53 [http-nio-8080-exec-10] INFO  c.e.A.controller.AddressController - Get id: 53
2025-03-18 14:11:53 [http-nio-8080-exec-10] INFO  c.e.A.service.ContactService - Employee DTO send for id: 53 is : {"name":"aman","email":"aman@gmail.com","phoneNumber":53,"address":"Agra","id":53}
2025-03-18 14:11:54 [http-nio-8080-exec-1] INFO  c.e.A.controller.AddressController - Get id: 53
2025-03-18 14:11:54 [http-nio-8080-exec-1] INFO  c.e.A.service.ContactService - Employee DTO send for id: 53 is : {"name":"aman","email":"aman@gmail.com","phoneNumber":53,"address":"Agra","id":53}
2025-03-18 14:12:01 [http-nio-8080-exec-2] INFO  c.e.A.controller.AddressController - Get all employees
2025-03-18 14:22:16 [http-nio-8080-exec-5] INFO  c.e.A.controller.UserController - Register: {"firstName":"Dhruv","lastName":"Varshney","email":"dhruv12@gmail.com","password":"Dhruv@12345","id":null}
2025-03-18 14:22:16 [http-nio-8080-exec-5] INFO  c.e.A.service.AuthenticationService - User saved in database : {"firstName":"Dhruv","lastName":"Varshney","email":"dhruv12@gmail.com","password":"Dhruv@12345","hashPass":"$2a$10$U7Lv03eCFWL7SJCQH7bvNu4U3njMgSNHUUEPFmJZrAc/F2WnjB9Ay","token":"","id":105}
2025-03-18 14:22:34 [http-nio-8080-exec-6] INFO  c.e.A.controller.UserController - Login: {"email":"dhruv12@gmail.com","password":"Dhruv@12345"}
2025-03-18 14:22:34 [http-nio-8080-exec-6] INFO  c.e.A.service.AuthenticationService - User logged in with email dhruv12@gmail.com
2025-03-18 14:52:27 [SpringApplicationShutdownHook] INFO  o.s.b.w.e.tomcat.GracefulShutdown - Commencing graceful shutdown. Waiting for active requests to complete
2025-03-18 14:52:27 [tomcat-shutdown] INFO  o.s.b.w.e.tomcat.GracefulShutdown - Graceful shutdown complete
2025-03-18 14:52:27 [SpringApplicationShutdownHook] INFO  o.s.o.j.LocalContainerEntityManagerFactoryBean - Closing JPA EntityManagerFactory for persistence unit 'default'
2025-03-18 14:52:28 [SpringApplicationShutdownHook] INFO  com.zaxxer.hikari.HikariDataSource - HikariPool-1 - Shutdown initiated...
2025-03-18 14:52:28 [SpringApplicationShutdownHook] INFO  com.zaxxer.hikari.HikariDataSource - HikariPool-1 - Shutdown completed.
